Watching for file changes with StatReloader
D:\Study_M\ultimate-django-course\part-iii\current\storefront3\playground\urls.py changed, reloading.
Watching for file changes with StatReloader
Not Found: /playground/practice/
Not Found: /favicon.ico
Method Not Allowed: /playground/hello/
D:\Study_M\ultimate-django-course\part-iii\current\storefront3\playground\views.py changed, reloading.
Watching for file changes with StatReloader
Method Not Allowed: /playground/hello/
D:\Study_M\ultimate-django-course\part-iii\current\storefront3\playground\views.py changed, reloading.
Watching for file changes with StatReloader
Method Not Allowed: /playground/hello/
D:\Study_M\ultimate-django-course\part-iii\current\storefront3\playground\urls.py changed, reloading.
Watching for file changes with StatReloader
D:\Study_M\ultimate-django-course\part-iii\current\storefront3\playground\views.py changed, reloading.
Watching for file changes with StatReloader
D:\Study_M\ultimate-django-course\part-iii\current\storefront3\playground\views.py changed, reloading.
Watching for file changes with StatReloader
Method Not Allowed: /playground/hello/
D:\Study_M\ultimate-django-course\part-iii\current\storefront3\playground\views.py changed, reloading.
Watching for file changes with StatReloader
D:\Study_M\ultimate-django-course\part-iii\current\storefront3\playground\views.py changed, reloading.
Watching for file changes with StatReloader
Calling httpbin
Received the response
D:\Study_M\ultimate-django-course\part-iii\current\storefront3\playground\views.py changed, reloading.
Watching for file changes with StatReloader
D:\Study_M\ultimate-django-course\part-iii\current\storefront3\playground\views.py changed, reloading.
Watching for file changes with StatReloader
D:\Study_M\ultimate-django-course\part-iii\current\storefront3\playground\views.py changed, reloading.
Watching for file changes with StatReloader
Calling httpbin
Received the Response
Internal Server Error: /playground/hello/
Traceback (most recent call last):
  File "C:\Users\sadta\.virtualenvs\storefront3--JA6kX3e\Lib\site-packages\django\core\handlers\exception.py", line 55, in inner
    response = get_response(request)
               ^^^^^^^^^^^^^^^^^^^^^
  File "C:\Users\sadta\.virtualenvs\storefront3--JA6kX3e\Lib\site-packages\django\core\handlers\base.py", line 197, in _get_response
    response = wrapped_callback(request, *callback_args, **callback_kwargs)
               ^^^^^^^^^^^^^^^^^^^^^^^^^^^^^^^^^^^^^^^^^^^^^^^^^^^^^^^^^^^^
  File "C:\Users\sadta\.virtualenvs\storefront3--JA6kX3e\Lib\site-packages\django\views\decorators\csrf.py", line 65, in _view_wrapper
    return view_func(request, *args, **kwargs)
           ^^^^^^^^^^^^^^^^^^^^^^^^^^^^^^^^^^^
  File "C:\Users\sadta\.virtualenvs\storefront3--JA6kX3e\Lib\site-packages\django\views\generic\base.py", line 104, in view
    return self.dispatch(request, *args, **kwargs)
           ^^^^^^^^^^^^^^^^^^^^^^^^^^^^^^^^^^^^^^^
  File "C:\Users\sadta\.virtualenvs\storefront3--JA6kX3e\Lib\site-packages\rest_framework\views.py", line 511, in dispatch
    self.response = self.finalize_response(request, response, *args, **kwargs)
                    ^^^^^^^^^^^^^^^^^^^^^^^^^^^^^^^^^^^^^^^^^^^^^^^^^^^^^^^^^^
  File "C:\Users\sadta\.virtualenvs\storefront3--JA6kX3e\Lib\site-packages\rest_framework\views.py", line 423, in finalize_response
    assert isinstance(response, HttpResponseBase), (
           ^^^^^^^^^^^^^^^^^^^^^^^^^^^^^^^^^^^^^^
AssertionError: Expected a `Response`, `HttpResponse` or `StreamingHttpResponse` to be returned from the view, but received a `<class 'NoneType'>`
D:\Study_M\ultimate-django-course\part-iii\current\storefront3\playground\views.py changed, reloading.
Watching for file changes with StatReloader
Calling httpbin
Received the Response
D:\Study_M\ultimate-django-course\part-iii\current\storefront3\storefront\settings.py changed, reloading.
2024-10-13 06:27:03,877 (INFO) - django.utils.autoreload - Watching for file changes with StatReloader
2024-10-13 06:27:05,235 (INFO) - playground.views - Calling httpbin
2024-10-13 06:27:07,253 (INFO) - playground.views - Received the Response
2024-10-13 06:51:34,568 (INFO) - django.utils.autoreload - D:\Study_M\ultimate-django-course\part-iii\current\storefront3\manage.py changed, reloading.
2024-10-13 06:52:29,595 (INFO) - django.utils.autoreload - Watching for file changes with StatReloader
2024-10-13 06:52:30,161 (WARNING) - silk.profiling.profiler - Cannot execute silk_profile as silk is not installed correctly.
2024-10-13 06:52:33,827 (INFO) - playground.views - Calling httpbin
2024-10-13 06:52:35,912 (INFO) - playground.views - Received the Response
2024-10-13 06:52:56,362 (WARNING) - django.request - Unauthorized: /store/collections/
2024-10-13 06:52:56,398 (WARNING) - django.request - Forbidden: /store/collections/
2024-10-13 06:52:56,404 (WARNING) - django.request - Bad Request: /store/collections/
2024-10-13 06:54:05,171 (INFO) - django.utils.autoreload - D:\Study_M\ultimate-django-course\part-iii\current\storefront3\storefront\settings\common.py changed, reloading.
2024-10-13 06:54:06,486 (INFO) - django.utils.autoreload - Watching for file changes with StatReloader
2024-10-13 06:54:07,011 (WARNING) - silk.profiling.profiler - Cannot execute silk_profile as silk is not installed correctly.
2024-10-13 06:54:20,811 (WARNING) - django.request - Unauthorized: /store/collections/
2024-10-13 06:54:20,842 (WARNING) - django.request - Forbidden: /store/collections/
2024-10-13 06:54:20,864 (WARNING) - django.request - Bad Request: /store/collections/
2024-10-13 07:10:21,299 (INFO) - waitress - Serving on http://[::]:8000
2024-10-13 07:10:21,300 (INFO) - waitress - Serving on http://0.0.0.0:8000
2024-10-13 07:10:36,889 (WARNING) - silk.profiling.profiler - Cannot execute silk_profile as silk is not installed correctly.
2024-10-14 10:48:22,143 (INFO) - django.utils.autoreload - Watching for file changes with StatReloader
2024-10-14 10:56:52,609 (INFO) - django.utils.autoreload - Watching for file changes with StatReloader
2024-10-14 10:56:53,176 (WARNING) - silk.profiling.profiler - Cannot execute silk_profile as silk is not installed correctly.
2024-10-14 10:56:58,793 (WARNING) - django.request - Not Found: /favicon.ico
2024-10-14 10:57:12,884 (WARNING) - django.request - Method Not Allowed: /store/carts/
2024-10-14 10:58:06,853 (WARNING) - django.request - Method Not Allowed: /store/carts/
2024-10-14 10:58:16,926 (WARNING) - django.request - Not Found: /store/products/766/review
2024-10-14 10:58:41,148 (WARNING) - django.request - Unauthorized: /store/orders/
2024-10-14 10:58:45,359 (WARNING) - django.request - Unauthorized: /store/customers/
2024-10-14 10:58:47,697 (WARNING) - django.request - Method Not Allowed: /store/carts/
2024-10-14 10:58:49,594 (WARNING) - django.request - Unauthorized: /store/customers/
2024-10-14 10:58:50,743 (WARNING) - django.request - Unauthorized: /store/orders/
2024-10-14 11:01:23,365 (WARNING) - django.request - Method Not Allowed: /store/carts/
2024-10-14 11:01:53,857 (WARNING) - django.request - Method Not Allowed: /store/carts/
2024-10-14 11:21:51,121 (INFO) - waitress - Serving on http://[::]:8000
2024-10-14 11:21:51,121 (INFO) - waitress - Serving on http://0.0.0.0:8000
2024-10-14 11:23:03,619 (WARNING) - silk.profiling.profiler - Cannot execute silk_profile as silk is not installed correctly.
2024-10-14 11:23:03,862 (WARNING) - waitress.queue - Task queue depth is 1
2024-10-14 11:23:03,864 (WARNING) - waitress.queue - Task queue depth is 2
2024-10-14 11:23:04,009 (WARNING) - django.request - Not Found: /favicon.ico
2024-10-14 12:09:53,777 (WARNING) - silk.profiling.profiler - Cannot execute silk_profile as silk is not installed correctly.
